<?xml version="1.0" encoding="UTF-8"?>
<!-- Generated by org.testng.reporters.JUnitReportReporter -->
<testsuite hostname="DESKTOP-PE0VDKC" failures="0" tests="3" name="testCases.Login_Page_Test" time="22.464" errors="0" timestamp="2024-01-05T15:17:43 IST" skipped="0">
  <testcase classname="testCases.Login_Page_Test" name="verifyTitleOfApplicationTest" time="7.216"/>
  <system-out>
    <![CDATA[visibility of application TitleSwag Labs]]>
  </system-out>
  <testcase classname="testCases.Login_Page_Test" name="verifyUrlOfApplicationTest" time="7.220"/>
  <system-out>
    <![CDATA[visibility of application Url=https://www.saucedemo.com/]]>
  </system-out>
  <testcase classname="testCases.Login_Page_Test" name="LoginToApplicationTest" time="8.028"/>
  <system-out>
    <![CDATA[After Login Inventory Page Should be come =https://www.saucedemo.com/inventory.html]]>
  </system-out>
</testsuite> <!-- testCases.Login_Page_Test -->
