<?xml version="1.0" encoding="UTF-8"?>
<!-- Generated by org.testng.reporters.JUnitReportReporter -->
<testsuite hostname="DESKTOP-PE0VDKC" failures="0" tests="4" name="testCases.Cart_Page_Test" time="36.227" errors="0" timestamp="2024-01-05T15:17:43 IST" skipped="0">
  <testcase classname="testCases.Cart_Page_Test" name="verifyCartPageUrlTest" time="9.192"/>
  <system-out>
    <![CDATA[Visibility of Cart Page URL=https://www.saucedemo.com/cart.html]]>
  </system-out>
  <testcase classname="testCases.Cart_Page_Test" name="verifyContinueShoppingBtnTest" time="8.545"/>
  <system-out>
    <![CDATA[Visibility of inventory page=https://www.saucedemo.com/inventory.html]]>
  </system-out>
  <testcase classname="testCases.Cart_Page_Test" name="verifyClickOnCheckOutBtnTest" time="8.077"/>
  <system-out>
    <![CDATA[Visibility of checkout step one pagehttps://www.saucedemo.com/checkout-step-one.html]]>
  </system-out>
  <testcase classname="testCases.Cart_Page_Test" name="verifyCartPageLableTest" time="10.413"/>
  <system-out>
    <![CDATA[Visibility of Cart Page Title=Your Cart]]>
  </system-out>
</testsuite> <!-- testCases.Cart_Page_Test -->
