<?xml version="1.0" encoding="UTF-8"?>
<!-- Generated by org.testng.reporters.JUnitReportReporter -->
<testsuite hostname="DESKTOP-PE0VDKC" failures="0" tests="4" name="testCases.CartCheckOut_Page1_Test" time="46.599" errors="0" timestamp="2024-01-05T15:17:43 IST" skipped="0">
  <testcase classname="testCases.CartCheckOut_Page1_Test" name="verifyCancalButtonTest" time="8.621"/>
  <system-out>
    <![CDATA[Visibility of Cart Page Urlhttps://www.saucedemo.com/cart.html]]>
  </system-out>
  <testcase classname="testCases.CartCheckOut_Page1_Test" name="verifyCheckOutLableTest" time="13.782"/>
  <system-out>
    <![CDATA[Visibility of CheckOut LableCheckout: Your Information]]>
  </system-out>
  <testcase classname="testCases.CartCheckOut_Page1_Test" name="verifyUserInfoTest" time="9.647"/>
  <system-out>
    <![CDATA[Visibility of CheckOut Page 2 Urlhttps://www.saucedemo.com/checkout-step-two.html]]>
  </system-out>
  <testcase classname="testCases.CartCheckOut_Page1_Test" name="verifyCheckOutPageUrlTest" time="14.549"/>
  <system-out>
    <![CDATA[Visibility of CheckOut Page Urlhttps://www.saucedemo.com/checkout-step-one.html]]>
  </system-out>
</testsuite> <!-- testCases.CartCheckOut_Page1_Test -->
